<?xml version="1.0" encoding="UTF-8"?>
<!-- Generated by org.testng.reporters.JUnitReportReporter -->
<testsuite skipped="0" hostname="PUN-WKS-AC652" name="qaclickacademy.Testng3Test" tests="1" failures="0" timestamp="15 Apr 2019 13:39:03 GMT" time="0.000" errors="0">
  <testcase name="Internetexplorer" time="0.000" classname="qaclickacademy.Testng3Test"/>
</testsuite> <!-- qaclickacademy.Testng3Test -->
