<?xml version="1.0" encoding="UTF-8"?>
<!-- Generated by org.testng.reporters.JUnitReportReporter -->
<testsuite skipped="0" hostname="PUN-WKS-AC652" name="qaclickacademy.TestngTest" tests="1" failures="0" timestamp="15 Apr 2019 13:39:03 GMT" time="0.001" errors="0">
  <testcase name="Morning" time="0.001" classname="qaclickacademy.TestngTest"/>
</testsuite> <!-- qaclickacademy.TestngTest -->
