<?xml version="1.0" encoding="UTF-8"?>
<!-- Generated by org.testng.reporters.JUnitReportReporter -->
<testsuite skipped="0" hostname="PUN-WKS-AC652" name="qaclickacademy.Testng2" tests="1" failures="0" timestamp="15 Apr 2019 13:30:01 GMT" time="0.000" errors="0">
  <testcase name="Desktop" time="0.000" classname="qaclickacademy.Testng2"/>
</testsuite> <!-- qaclickacademy.Testng2 -->
