<?xml version="1.0" encoding="UTF-8"?>
<!-- Generated by org.testng.reporters.JUnitReportReporter -->
<testsuite skipped="0" hostname="PUN-WKS-AC652" name="qaclickacademy.Testng3Test" tests="3" failures="0" timestamp="13 May 2019 06:31:33 GMT" time="0.025" errors="0">
  <testcase name="Googlechrome" time="0.017" classname="qaclickacademy.Testng3Test"/>
  <testcase name="Mozila" time="0.002" classname="qaclickacademy.Testng3Test"/>
  <testcase name="Internetexplorer" time="0.006" classname="qaclickacademy.Testng3Test"/>
</testsuite> <!-- qaclickacademy.Testng3Test -->
