<?xml version="1.0" encoding="UTF-8"?>
<!-- Generated by org.testng.reporters.JUnitReportReporter -->
<testsuite skipped="0" hostname="PUN-WKS-AC652" name="qaclickacademy.Testng3Test" tests="3" failures="0" timestamp="16 Apr 2019 13:00:49 GMT" time="0.001" errors="0">
  <testcase name="Internetexplorer" time="0.001" classname="qaclickacademy.Testng3Test"/>
  <testcase name="Mozila" time="0.000" classname="qaclickacademy.Testng3Test"/>
  <testcase name="Googlechrome" time="0.000" classname="qaclickacademy.Testng3Test"/>
</testsuite> <!-- qaclickacademy.Testng3Test -->
