<?xml version="1.0" encoding="UTF-8"?>
<!-- Generated by org.testng.reporters.JUnitReportReporter -->
<testsuite skipped="0" hostname="PUN-WKS-AC652" name="qaclickacademy.TestngTest" tests="3" failures="0" timestamp="16 Apr 2019 13:00:49 GMT" time="0.000" errors="0">
  <testcase name="Afternoon" time="0.000" classname="qaclickacademy.TestngTest"/>
  <testcase name="Morning" time="0.000" classname="qaclickacademy.TestngTest"/>
  <testcase name="Night" time="0.000" classname="qaclickacademy.TestngTest"/>
</testsuite> <!-- qaclickacademy.TestngTest -->
