<?xml version="1.0" encoding="UTF-8"?>
<!-- Generated by org.testng.reporters.JUnitReportReporter -->
<testsuite skipped="0" hostname="PUN-WKS-AC652" name="qaclickacademy.Testng2Test" tests="3" failures="0" timestamp="16 Apr 2019 13:00:49 GMT" time="0.006" errors="0">
  <testcase name="Mobile" time="0.001" classname="qaclickacademy.Testng2Test"/>
  <testcase name="Desktop" time="0.005" classname="qaclickacademy.Testng2Test"/>
  <testcase name="Laptop" time="0.000" classname="qaclickacademy.Testng2Test"/>
</testsuite> <!-- qaclickacademy.Testng2Test -->
